<?xml version="1.0" encoding="UTF-8"?>
<!-- Generated by org.testng.reporters.JUnitReportReporter -->
<testsuite skipped="0" hostname="saidinesh-mbp" name="TC005GET_Request" tests="1" failures="0" timestamp="22 May 2020 06:30:10 GMT" time="4.347" errors="0">
  <testcase name="getweatherdetails" time="4.347" classname="TC005GET_Request"/>
</testsuite> <!-- TC005GET_Request -->
