<?xml version="1.0" encoding="UTF-8"?>
<!-- Generated by org.testng.reporters.JUnitReportReporter -->
<testsuite skipped="0" hostname="saidinesh-mbp" name="TC001_GET_Request" tests="1" failures="0" timestamp="22 May 2020 04:59:01 GMT" time="3.386" errors="0">
  <testcase name="getweatherdetails" time="3.386" classname="TC001_GET_Request"/>
</testsuite> <!-- TC001_GET_Request -->
