<?xml version="1.0" encoding="UTF-8"?>
<!-- Generated by org.testng.reporters.JUnitReportReporter -->
<testsuite skipped="0" hostname="saidinesh-mbp" name="Datadriven.DataDrivenTest_AddEmployee" tests="1" failures="0" timestamp="23 May 2020 05:05:52 GMT" time="9.702" errors="0">
  <testcase name="postnewEmployee" time="9.702" classname="Datadriven.DataDrivenTest_AddEmployee"/>
</testsuite> <!-- Datadriven.DataDrivenTest_AddEmployee -->
