<?xml version="1.0" encoding="UTF-8"?>
<!-- Generated by org.testng.reporters.JUnitReportReporter -->
<testsuite skipped="0" hostname="saidinesh-mbp" name="TC003_GET_Request" tests="1" failures="0" timestamp="22 May 2020 06:13:35 GMT" time="3.603" errors="0">
  <testcase name="getweatherdetails" time="3.603" classname="TC003_GET_Request"/>
</testsuite> <!-- TC003_GET_Request -->
