<?xml version="1.0" encoding="UTF-8"?>
<!-- Generated by org.testng.reporters.JUnitReportReporter -->
<testsuite skipped="0" hostname="saidinesh-mbp" name="Datadriven.DataDrivenTest_AddEmployees" tests="3" failures="0" timestamp="23 May 2020 05:22:32 GMT" time="16.988" errors="0">
  <testcase name="postnewEmployees" time="11.054" classname="Datadriven.DataDrivenTest_AddEmployees"/>
  <testcase name="postnewEmployees" time="4.500" classname="Datadriven.DataDrivenTest_AddEmployees"/>
  <testcase name="postnewEmployees" time="1.434" classname="Datadriven.DataDrivenTest_AddEmployees"/>
</testsuite> <!-- Datadriven.DataDrivenTest_AddEmployees -->
